Unity Editor version:    2020.3.29f1 (2ff179115da0)
Branch:                  2020.3/staging
Build type:              Release
Batch mode:              YES
macOS version:           Version 12.2.1 (Build 21D62)
Darwin version:          21.3.0
Architecture:            x86_64
Running under Rosetta:   YES
Available memory:        16384 MB
Using pre-set license
Pro License: NO

COMMAND LINE ARGUMENTS:
/Applications/Unity/Hub/Editor/2020.3.29f1/Unity.app/Contents/MacOS/Unity
-adb2
-batchMode
-noUpm
-name
AssetImportWorker0
-projectPath
/Users/gabriel/tec/Semestre_4/Construccion_de_software/Videojuegos/Unity/Actividad 1
-logFile
Logs/AssetImportWorker0.log
-srvPort
49898
Successfully changed project path to: /Users/gabriel/tec/Semestre_4/Construccion_de_software/Videojuegos/Unity/Actividad 1
/Users/gabriel/tec/Semestre_4/Construccion_de_software/Videojuegos/Unity/Actividad 1
Using Asset Import Pipeline V2.
Refreshing native plugins compatible for Editor in 68.83 ms, found 3 plugins.
Preloading 0 native plugins for Editor in 0.00 ms.
Initialize engine version: 2020.3.29f1 (2ff179115da0)
[Subsystems] Discovering subsystems at path /Applications/Unity/Hub/Editor/2020.3.29f1/Unity.app/Contents/Resources/UnitySubsystems
[Subsystems] Discovering subsystems at path /Users/gabriel/tec/Semestre_4/Construccion_de_software/Videojuegos/Unity/Actividad 1/Assets
GfxDevice: creating device client; threaded=0
2022-03-02 13:19:30.602 Unity[4591:82862] (null) preferred device: Apple M1 (high power)
2022-03-02 13:19:30.602 Unity[4591:82862] Metal devices available: 1
2022-03-02 13:19:30.602 Unity[4591:82862] 0: Apple M1 (high power)
2022-03-02 13:19:30.602 Unity[4591:82862] Using device Apple M1 (high power)
Initializing Metal device caps: Apple M1
Initialize mono
Mono path[0] = '/Applications/Unity/Hub/Editor/2020.3.29f1/Unity.app/Contents/Managed'
Mono path[1] = '/Applications/Unity/Hub/Editor/2020.3.29f1/Unity.app/Contents/MonoBleedingEdge/lib/mono/unityjit'
Mono config path = '/Applications/Unity/Hub/Editor/2020.3.29f1/Unity.app/Contents/MonoBleedingEdge/etc'
Using monoOptions --debugger-agent=transport=dt_socket,embedding=1,server=y,suspend=n,address=127.0.0.1:56591
Begin MonoManager ReloadAssembly
Registering precompiled unity dll's ...
Register platform support module: /Applications/Unity/Hub/Editor/2020.3.29f1/PlaybackEngines/WebGLSupport/UnityEditor.WebGL.Extensions.dll
Register platform support module: /Applications/Unity/Hub/Editor/2020.3.29f1/Unity.app/Contents/PlaybackEngines/MacStandaloneSupport/UnityEditor.OSXStandalone.Extensions.dll
Registered in 0.002813 seconds.
Native extension for OSXStandalone target not found
Native extension for WebGL target not found
Refreshing native plugins compatible for Editor in 72.05 ms, found 3 plugins.
Preloading 0 native plugins for Editor in 0.00 ms.
Mono: successfully reloaded assembly
- Completed reload, in  1.938 seconds
Domain Reload Profiling:
	ReloadAssembly (1939ms)
		BeginReloadAssembly (159ms)
			ExecutionOrderSort (0ms)
			DisableScriptedObjects (0ms)
			BackupInstance (0ms)
			ReleaseScriptingObjects (0ms)
			CreateAndSetChildDomain (4ms)
		EndReloadAssembly (1597ms)
			LoadAssemblies (156ms)
			RebuildTransferFunctionScriptingTraits (0ms)
			SetupTypeCache (281ms)
			ReleaseScriptCaches (0ms)
			RebuildScriptCaches (66ms)
			SetupLoadedEditorAssemblies (811ms)
				LogAssemblyErrors (0ms)
				InitializePlatformSupportModulesInManaged (22ms)
				SetLoadedEditorAssemblies (1ms)
				RefreshPlugins (72ms)
				BeforeProcessingInitializeOnLoad (44ms)
				ProcessInitializeOnLoadAttributes (490ms)
				ProcessInitializeOnLoadMethodAttributes (180ms)
				AfterProcessingInitializeOnLoad (0ms)
				EditorAssembliesLoaded (1ms)
			ExecutionOrderSort2 (0ms)
			AwakeInstancesAfterBackupRestoration (0ms)
Platform modules already initialized, skipping
Registering precompiled user dll's ...
Registered in 0.003834 seconds.
Begin MonoManager ReloadAssembly
Native extension for OSXStandalone target not found
Native extension for WebGL target not found
Refreshing native plugins compatible for Editor in 72.30 ms, found 3 plugins.
Preloading 0 native plugins for Editor in 0.00 ms.
Mono: successfully reloaded assembly
- Completed reload, in  3.567 seconds
Domain Reload Profiling:
	ReloadAssembly (3570ms)
		BeginReloadAssembly (400ms)
			ExecutionOrderSort (0ms)
			DisableScriptedObjects (46ms)
			BackupInstance (0ms)
			ReleaseScriptingObjects (0ms)
			CreateAndSetChildDomain (48ms)
		EndReloadAssembly (3023ms)
			LoadAssemblies (295ms)
			RebuildTransferFunctionScriptingTraits (0ms)
			SetupTypeCache (527ms)
			ReleaseScriptCaches (1ms)
			RebuildScriptCaches (89ms)
			SetupLoadedEditorAssemblies (1635ms)
				LogAssemblyErrors (0ms)
				InitializePlatformSupportModulesInManaged (19ms)
				SetLoadedEditorAssemblies (1ms)
				RefreshPlugins (72ms)
				BeforeProcessingInitializeOnLoad (246ms)
				ProcessInitializeOnLoadAttributes (1216ms)
				ProcessInitializeOnLoadMethodAttributes (80ms)
				AfterProcessingInitializeOnLoad (1ms)
				EditorAssembliesLoaded (0ms)
			ExecutionOrderSort2 (0ms)
			AwakeInstancesAfterBackupRestoration (53ms)
Platform modules already initialized, skipping
Validating Project structure ... 0.000137 seconds.
Shader import version has changed; will reimport all shaders...
Upgrading shader files ...0.000209 seconds.
Application.AssetDatabase Initial Script Refresh Start
RefreshInfo: InitialScriptRefreshV2(NoUpdateAssetOptions) scanfilter:  ... 1 filters
RefreshProfiler: Total: 0.000ms
Application.AssetDatabase Initial Script Refresh End
Application.AssetDatabase.Refresh Start
Application.AssetDatabase.Refresh End
RefreshInfo: StopAssetImportingV2(ForceSynchronousImport) scanfilter: 
RefreshProfiler: Total: 0.000ms
Launching external process: /Applications/Unity/Hub/Editor/2020.3.29f1/Unity.app/Contents/Tools/UnityShaderCompiler
Launched and connected shader compiler UnityShaderCompiler after 0.04 seconds
Initializing Unity extensions:
2022-03-02 13:19:37.679 Unity[4591:82862] NSEventModifierFlagFunction specified to -setKeyEquivalentModifierMask: for item <NSMenuItem: 0x6000029280e0 Font Asset, ke='Command-F12'>, but is only supported for system-provided menu items; will not be used
2022-03-02 13:19:37.684 Unity[4591:82862] NSEventModifierFlagFunction specified to -setKeyEquivalentModifierMask: for item <NSMenuItem: 0x600002959490 Font Asset, ke='Command-F12'>, but is only supported for system-provided menu items; will not be used
========================================================================
Worker process is ready to serve import requests
Refreshing native plugins compatible for Editor in 0.37 ms, found 3 plugins.
Preloading 0 native plugins for Editor in 0.00 ms.
Unloading 2197 Unused Serialized files (Serialized files now loaded: 0)
System memory in use before: 212.2 MB.
System memory in use after: 211.3 MB.

Unloading 104 unused Assets to reduce memory usage. Loaded Objects now: 2666.
Total: 3.977584 ms (FindLiveObjects: 0.137625 ms CreateObjectMapping: 0.074292 ms MarkObjects: 3.098666 ms  DeleteObjects: 0.666042 ms)

AssetImportParameters requested are different than current active one (requested -> active):
  custom:video-decoder-ogg-theora: a1e56fd34408186e4bbccfd4996cb3dc -> 
  custom:container-muxer-webm: aa71ff27fc2769a1b78a27578f13a17b -> 
  custom:container-demuxer-webm: 4f35f7cbe854078d1ac9338744f61a02 -> 
  custom:container-demuxer-ogg: 62fdf1f143b41e24485cea50d1cbac27 -> 
  custom:video-encoder-webm-vp8: eb34c28f22e8b96e1ab97ce403110664 -> 
  custom:framework-osx-AVFoundation: e770b220cccbd017edd2c1fefb359320 -> 
  custom:video-decoder-webm-vp8: 9c59270c3fd7afecdb556c50c9e8de78 -> 
  custom:audio-decoder-ogg-vorbis: bf7c407c2cedff20999df2af8eb42d56 -> 
  custom:audio-encoder-webm-vorbis: bf7c407c2cedff20999df2af8eb42d56 -> 
========================================================================
Received Import Request.
  path: Assets/Prefabs
  artifactKey: Guid(0a7cf3784aa344128955d9ad178c1289) Importer(815301076,1909f56bfc062723c751e8b465ee728b)
Start importing Assets/Prefabs using Guid(0a7cf3784aa344128955d9ad178c1289) Importer(815301076,1909f56bfc062723c751e8b465ee728b)  -> (artifact id: '901b868a8c5eaea1d39028e4ed3f49d1') in 0.010869 seconds 
  Import took 0.015000 seconds .

========================================================================
Received Import Request.
  Time since last request: 15.644083 seconds.
  path: Assets
  artifactKey: Guid(00000000000000001000000000000000) Importer(815301076,1909f56bfc062723c751e8b465ee728b)
Start importing Assets using Guid(00000000000000001000000000000000) Importer(815301076,1909f56bfc062723c751e8b465ee728b)  -> (artifact id: '42d402b061de3733987d63b9cc3b64de') in 0.001248 seconds 
  Import took 0.006431 seconds .

========================================================================
Received Import Request.
  Time since last request: 26.588166 seconds.
  path: Assets/Sprites
  artifactKey: Guid(798fcd1c81d2d4be19198a4b6fa7c764) Importer(815301076,1909f56bfc062723c751e8b465ee728b)
Start importing Assets/Sprites using Guid(798fcd1c81d2d4be19198a4b6fa7c764) Importer(815301076,1909f56bfc062723c751e8b465ee728b)  -> (artifact id: '9641d8c5f23b247a04d7beb8b23dd66a') in 0.001350 seconds 
  Import took 0.006093 seconds .

========================================================================
Received Import Request.
  Time since last request: 14.940044 seconds.
  path: Assets/Sprites/Wall.png
  artifactKey: Guid(b6db66ab0c93d438a961268f0f523bb7) Importer(815301076,1909f56bfc062723c751e8b465ee728b)
Start importing Assets/Sprites/Wall.png using Guid(b6db66ab0c93d438a961268f0f523bb7) Importer(815301076,1909f56bfc062723c751e8b465ee728b)  -> (artifact id: '0facee5d91c1606bbf8a2f8208d0c538') in 0.729515 seconds 
  Import took 0.736067 seconds .

========================================================================
Received Import Request.
  Time since last request: 56.409643 seconds.
  path: Assets/Sprites/wall.prefab
  artifactKey: Guid(14a1029ac074b4b66a62f6798779c9b4) Importer(815301076,1909f56bfc062723c751e8b465ee728b)
Start importing Assets/Sprites/wall.prefab using Guid(14a1029ac074b4b66a62f6798779c9b4) Importer(815301076,1909f56bfc062723c751e8b465ee728b)  -> (artifact id: '4422a2d84c60b7666b0a64aae54d2cdf') in 0.636882 seconds 
  Import took 0.643125 seconds .

========================================================================
Received Import Request.
  Time since last request: 30.646387 seconds.
  path: Assets/Sprites/Player.png
  artifactKey: Guid(9115265af70fc4516af6c566dc95c872) Importer(815301076,1909f56bfc062723c751e8b465ee728b)
Start importing Assets/Sprites/Player.png using Guid(9115265af70fc4516af6c566dc95c872) Importer(815301076,1909f56bfc062723c751e8b465ee728b)  -> (artifact id: '50cda926d20bb4c5fa8e569a3e4c638b') in 0.017156 seconds 
  Import took 0.021118 seconds .

========================================================================
Received Import Request.
  Time since last request: 55.302695 seconds.
  path: Assets/Sprites/Enemy.png
  artifactKey: Guid(112fe52b31bf944f2bab91f1342e8142) Importer(815301076,1909f56bfc062723c751e8b465ee728b)
Start importing Assets/Sprites/Enemy.png using Guid(112fe52b31bf944f2bab91f1342e8142) Importer(815301076,1909f56bfc062723c751e8b465ee728b)  -> (artifact id: '9e2a6cf8c033f9bb479187ed955fe0de') in 0.011891 seconds 
  Import took 0.015814 seconds .

